This is pdfTeX, Version 3.1415926-1.40.11 (MiKTeX 2.9) (preloaded format=pdflatex 2015.5.7)  10 MAY 2015 15:43
entering extended mode
**article_4.tex
(D:\Workspace\FestManager\Documentation\article_4.tex
LaTeX2e <2009/09/24>
Babel <v3.8l> and hyphenation patterns for english, afrikaans, ancientgreek, arabic, armenian, assamese, basque, bengali
, bokmal, bulgarian, catalan, coptic, croatian, czech, danish, dutch, esperanto, estonian, farsi, finnish, french, galic
ian, german, german-x-2009-06-19, greek, gujarati, hindi, hungarian, icelandic, indonesian, interlingua, irish, italian,
 kannada, kurmanji, lao, latin, latvian, lithuanian, malayalam, marathi, mongolian, mongolianlmc, monogreek, ngerman, ng
erman-x-2009-06-19, nynorsk, oriya, panjabi, pinyin, polish, portuguese, romanian, russian, sanskrit, serbian, slovak, s
lovenian, spanish, swedish, swissgerman, tamil, telugu, turkish, turkmen, ukenglish, ukrainian, uppersorbian, usenglishm
ax, welsh, loaded.
(C:\Users\Dominik\AppData\Roaming\MiKTeX\2.9\tex\latex\koma-script\scrartcl.cls
Document Class: scrartcl 2015/02/07 v3.16 KOMA-Script document class (article)
(C:\Users\Dominik\AppData\Roaming\MiKTeX\2.9\tex\latex\koma-script\scrkbase.sty
Package: scrkbase 2015/02/07 v3.16 KOMA-Script package (KOMA-Script-dependent basics and keyval usage)

(C:\Users\Dominik\AppData\Roaming\MiKTeX\2.9\tex\latex\koma-script\scrbase.sty
Package: scrbase 2015/02/07 v3.16 KOMA-Script package (KOMA-Script-independent basics and keyval usage)

("C:\Program Files (x86)\MiKTeX 2.9\tex\latex\graphics\keyval.sty"
Package: keyval 1999/03/16 v1.13 key=value parser (DPC)
\KV@toks@=\toks14
)
(C:\Users\Dominik\AppData\Roaming\MiKTeX\2.9\tex\latex\koma-script\scrlfile.sty
Package: scrlfile 2015/02/07 v3.16 KOMA-Script package (loading files)

Package scrlfile, 2015/02/07 v3.16 KOMA-Script package (loading files)
                  Copyright (C) Markus Kohm

))) (C:\Users\Dominik\AppData\Roaming\MiKTeX\2.9\tex\latex\koma-script\tocbasic.sty
Package: tocbasic 2015/02/07 v3.16 KOMA-Script package (handling toc-files)
)
Package tocbasic Info: omitting babel extension for `toc'
(tocbasic)             because of feature `nobabel' available
(tocbasic)             for `toc' on input line 116.
Package tocbasic Info: omitting babel extension for `lof'
(tocbasic)             because of feature `nobabel' available
(tocbasic)             for `lof' on input line 117.
Package tocbasic Info: omitting babel extension for `lot'
(tocbasic)             because of feature `nobabel' available
(tocbasic)             for `lot' on input line 118.
Package scrartcl Info: You've used standard option `10pt'.
(scrartcl)             This is correct!
(scrartcl)             Internally I'm using `fontsize=10pt'.
(scrartcl)             If you'd like to set the option with \KOMAoptions,
(scrartcl)             you'd have to use `fontsize=10pt' there
(scrartcl)             instead of `10pt', too.
Class scrartcl Info: You've used standard option `oneside'.
(scrartcl)           This is correct!
(scrartcl)           Internally I'm using `twoside=false'.
(scrartcl)           If you'd like to set the option with \KOMAoptions,
(scrartcl)           you'd have to use `twoside=false' there
(scrartcl)           instead of `oneside', too.
Class scrartcl Info: File `scrsize10pt.clo' used to setup font sizes on input line 1564.

(C:\Users\Dominik\AppData\Roaming\MiKTeX\2.9\tex\latex\koma-script\scrsize10pt.clo
File: scrsize10pt.clo 2015/02/07 v3.16 KOMA-Script font size class option (10pt)
)
(C:\Users\Dominik\AppData\Roaming\MiKTeX\2.9\tex\latex\koma-script\typearea.sty
Package: typearea 2015/02/07 v3.16 KOMA-Script package (type area)

Package typearea, 2015/02/07 v3.16 KOMA-Script package (type area)
                  Copyright (C) Frank Neukam, 1992-1994
                  Copyright (C) Markus Kohm, 1994-

\ta@bcor=\skip41
\ta@div=\count79
Package typearea Info: You've used standard option `a4paper'.
(typearea)             This is correct!
(typearea)             Internally I'm using `paper=a4'.
(typearea)             If you'd like to set the option with \KOMAoptions,
(typearea)             you'd have to use `paper=a4' there
(typearea)             instead of `a4paper', too.
Package typearea Info: You've used standard option `oneside'.
(typearea)             This is correct!
(typearea)             Internally I'm using `twoside=false'.
(typearea)             If you'd like to set the option with \KOMAoptions,
(typearea)             you'd have to use `twoside=false' there
(typearea)             instead of `oneside', too.
\ta@hblk=\skip42
\ta@vblk=\skip43
\ta@temp=\skip44
\footheight=\skip45
Package typearea Info: These are the values describing the layout:
(typearea)             DIV  = 8
(typearea)             BCOR = 14.22636pt
(typearea)             \paperwidth      = 597.50793pt
(typearea)              \textwidth      = 364.55101pt
(typearea)              DIV departure   = -1%
(typearea)              \evensidemargin = 51.32166pt
(typearea)              \oddsidemargin  = 51.32166pt
(typearea)             \paperheight     = 845.04694pt
(typearea)              \textheight     = 454.0pt
(typearea)              \topmargin      = 33.36087pt
(typearea)              \headheight     = 15.0pt
(typearea)              \headsep        = 18.0pt
(typearea)              \topskip        = 10.0pt
(typearea)              \footskip       = 42.0pt
(typearea)              \baselineskip   = 12.0pt
(typearea)              on input line 1342.
)
\c@part=\count80
\c@section=\count81
\c@subsection=\count82
\c@subsubsection=\count83
\c@paragraph=\count84
\c@subparagraph=\count85
\abovecaptionskip=\skip46
\belowcaptionskip=\skip47
\c@pti@nb@sid@b@x=\box26
\c@figure=\count86
\c@table=\count87
\bibindent=\dimen102
) ("C:\Program Files (x86)\MiKTeX 2.9\tex\generic\babel\babel.sty"
Package: babel 2008/07/06 v3.8l The Babel package

*************************************
* Local config file bblopts.cfg used
*
("C:\Program Files (x86)\MiKTeX 2.9\tex\latex\00miktex\bblopts.cfg"
File: bblopts.cfg 2006/07/31 v1.0 MiKTeX 'babel' configuration
)
("C:\Program Files (x86)\MiKTeX 2.9\tex\generic\babel\germanb.ldf"
Language: germanb 2008/06/01 v2.6m German support from the babel system

("C:\Program Files (x86)\MiKTeX 2.9\tex\generic\babel\babel.def"
File: babel.def 2008/07/06 v3.8l Babel common definitions
\babel@savecnt=\count88
\U@D=\dimen103
)
\l@austrian = a dialect from \language\l@german 
Package babel Info: Making " an active character on input line 102.
))
(C:\Users\Dominik\AppData\Roaming\MiKTeX\2.9\tex\latex\classicthesis\classicthesis.sty
Package: classicthesis 2012/08/12 v4.1 Typographic style for a classic-looking thesis

("C:\Program Files (x86)\MiKTeX 2.9\tex\latex\base\ifthen.sty"
Package: ifthen 2001/05/26 v1.1c Standard LaTeX ifthen package (DPC)
)
Package classicthesis Info: Using option "nochapters" (probably for an article). This turns off the options "linedheader
s", "manychapters", "floatperchapter","listsseparated", "eulerchapternumbers", and "parts". Please be aware of that. on 
input line 156.

("C:\Program Files (x86)\MiKTeX 2.9\tex\generic\oberdiek\ifpdf.sty"
Package: ifpdf 2010/01/28 v2.1 Provides the ifpdf switch (HO)
Package ifpdf Info: pdfTeX in pdf mode detected.
)
("C:\Program Files (x86)\MiKTeX 2.9\tex\latex\hyperref\hyperref.sty"
Package: hyperref 2010/10/30 v6.81t Hypertext links for LaTeX

("C:\Program Files (x86)\MiKTeX 2.9\tex\generic\oberdiek\ltxcmds.sty"
Package: ltxcmds 2010/04/26 v1.7 LaTeX kernel commands for general use (HO)
)
("C:\Program Files (x86)\MiKTeX 2.9\tex\generic\oberdiek\infwarerr.sty"
Package: infwarerr 2010/04/08 v1.3 Providing info/warning/message (HO)
)
("C:\Program Files (x86)\MiKTeX 2.9\tex\generic\oberdiek\kvsetkeys.sty"
Package: kvsetkeys 2010/03/01 v1.9 Key value parser (HO)

("C:\Program Files (x86)\MiKTeX 2.9\tex\generic\oberdiek\etexcmds.sty"
Package: etexcmds 2010/01/28 v1.3 Prefix for e-TeX command names (HO)
Package etexcmds Info: Could not find \expanded.
(etexcmds)             That can mean that you are not using pdfTeX 1.50 or
(etexcmds)             that some package has redefined \expanded.
(etexcmds)             In the latter case, load this package earlier.
))
("C:\Program Files (x86)\MiKTeX 2.9\tex\generic\oberdiek\pdfescape.sty"
Package: pdfescape 2010/03/01 v1.9 Provides hex, PDF name and string conversions (HO)

("C:\Program Files (x86)\MiKTeX 2.9\tex\generic\oberdiek\pdftexcmds.sty"
Package: pdftexcmds 2010/04/01 v0.9 Utility functions of pdfTeX for LuaTeX (HO)

("C:\Program Files (x86)\MiKTeX 2.9\tex\generic\oberdiek\ifluatex.sty"
Package: ifluatex 2010/03/01 v1.3 Provides the ifluatex switch (HO)
Package ifluatex Info: LuaTeX not detected.
)
Package pdftexcmds Info: LuaTeX not detected.
Package pdftexcmds Info: \pdf@primitive is available.
Package pdftexcmds Info: \pdf@ifprimitive is available.
))
("C:\Program Files (x86)\MiKTeX 2.9\tex\generic\oberdiek\ifvtex.sty"
Package: ifvtex 2010/03/01 v1.5 Switches for detecting VTeX and its modes (HO)
Package ifvtex Info: VTeX not detected.
)
("C:\Program Files (x86)\MiKTeX 2.9\tex\generic\ifxetex\ifxetex.sty"
Package: ifxetex 2010/09/12 v0.6 Provides ifxetex conditional
)
("C:\Program Files (x86)\MiKTeX 2.9\tex\latex\oberdiek\hycolor.sty"
Package: hycolor 2009/12/12 v1.6 Color options of hyperref/bookmark (HO)

("C:\Program Files (x86)\MiKTeX 2.9\tex\latex\oberdiek\xcolor-patch.sty"
Package: xcolor-patch 2009/12/12 xcolor patch
))
("C:\Program Files (x86)\MiKTeX 2.9\tex\latex\oberdiek\letltxmacro.sty"
Package: letltxmacro 2008/06/24 v1.3 Let assignment for LaTeX macros (HO)
)
("C:\Program Files (x86)\MiKTeX 2.9\tex\latex\oberdiek\kvoptions.sty"
Package: kvoptions 2010/02/22 v3.7 Keyval support for LaTeX options (HO)
)
\@linkdim=\dimen104
\Hy@linkcounter=\count89
\Hy@pagecounter=\count90

("C:\Program Files (x86)\MiKTeX 2.9\tex\latex\hyperref\pd1enc.def"
File: pd1enc.def 2010/10/30 v6.81t Hyperref: PDFDocEncoding definition (HO)
)
("C:\Program Files (x86)\MiKTeX 2.9\tex\generic\oberdiek\intcalc.sty"
Package: intcalc 2007/09/27 v1.1 Expandable integer calculations (HO)
)
\Hy@SavedSpaceFactor=\count91

("C:\Program Files (x86)\MiKTeX 2.9\tex\latex\00miktex\hyperref.cfg"
File: hyperref.cfg 2002/06/06 v1.2 hyperref configuration of TeXLive
)
Package hyperref Info: Hyper figures OFF on input line 3976.
Package hyperref Info: Link nesting OFF on input line 3981.
Package hyperref Info: Hyper index ON on input line 3984.
Package hyperref Info: Plain pages OFF on input line 3991.
Package hyperref Info: Backreferencing OFF on input line 3996.
Package hyperref Info: Implicit mode ON; LaTeX internals redefined.
Package hyperref Info: Bookmarks ON on input line 4211.
\c@Hy@tempcnt=\count92

("C:\Program Files (x86)\MiKTeX 2.9\tex\latex\ltxmisc\url.sty"
\Urlmuskip=\muskip10
Package: url 2006/04/12  ver 3.3  Verb mode for urls, etc.
)
LaTeX Info: Redefining \url on input line 4566.

("C:\Program Files (x86)\MiKTeX 2.9\tex\generic\oberdiek\bitset.sty"
Package: bitset 2007/09/28 v1.0 Data type bit set (HO)

("C:\Program Files (x86)\MiKTeX 2.9\tex\generic\oberdiek\bigintcalc.sty"
Package: bigintcalc 2007/11/11 v1.1 Expandable big integer calculations (HO)
))
\Fld@menulength=\count93
\Field@Width=\dimen105
\Fld@charsize=\dimen106
Package hyperref Info: Hyper figures OFF on input line 5626.
Package hyperref Info: Link nesting OFF on input line 5631.
Package hyperref Info: Hyper index ON on input line 5634.
Package hyperref Info: backreferencing OFF on input line 5641.
Package hyperref Info: Link coloring OFF on input line 5646.
Package hyperref Info: Link coloring with OCG OFF on input line 5651.
Package hyperref Info: PDF/A mode OFF on input line 5656.
LaTeX Info: Redefining \ref on input line 5696.
LaTeX Info: Redefining \pageref on input line 5700.

("C:\Program Files (x86)\MiKTeX 2.9\tex\generic\oberdiek\atbegshi.sty"
Package: atbegshi 2010/03/25 v1.12 At begin shipout hook (HO)
)
\Hy@abspage=\count94
\c@Item=\count95
\c@Hfootnote=\count96
)

Package hyperref Message: Driver (autodetected): hpdftex.

("C:\Program Files (x86)\MiKTeX 2.9\tex\latex\hyperref\hpdftex.def"
File: hpdftex.def 2010/10/30 v6.81t Hyperref driver for pdfTeX

("C:\Program Files (x86)\MiKTeX 2.9\tex\latex\oberdiek\atveryend.sty"
Package: atveryend 2010/03/24 v1.5 Hooks at very end of document (HO)
Package atveryend Info: \enddocument detected (standard).
)
\Fld@listcount=\count97
\c@bookmark@seq@number=\count98

("C:\Program Files (x86)\MiKTeX 2.9\tex\latex\oberdiek\rerunfilecheck.sty"
Package: rerunfilecheck 2010/03/16 v1.6 Rerun checks for auxiliary files (HO)

("C:\Program Files (x86)\MiKTeX 2.9\tex\generic\oberdiek\uniquecounter.sty"
Package: uniquecounter 2009/12/18 v1.1 Provides unlimited unique counter (HO)
)
Package uniquecounter Info: New unique counter `rerunfilecheck' on input line 271.
)
\Hy@SectionHShift=\skip48
)
(C:\Users\Dominik\AppData\Roaming\MiKTeX\2.9\tex\latex\xcolor\xcolor.sty
Package: xcolor 2007/01/21 v2.11 LaTeX color extensions (UK)

("C:\Program Files (x86)\MiKTeX 2.9\tex\latex\00miktex\color.cfg"
File: color.cfg 2007/01/18 v1.5 color configuration of teTeX/TeXLive
)
Package xcolor Info: Driver file: pdftex.def on input line 225.

("C:\Program Files (x86)\MiKTeX 2.9\tex\latex\pdftex-def\pdftex.def"
File: pdftex.def 2010/09/14 v0.05b Graphics/color for pdfTeX
\Gread@gobject=\count99
)
Package xcolor Info: Model `cmy' substituted by `cmy0' on input line 1337.
Package xcolor Info: Model `hsb' substituted by `rgb' on input line 1341.
Package xcolor Info: Model `RGB' extended on input line 1353.
Package xcolor Info: Model `HTML' substituted by `rgb' on input line 1355.
Package xcolor Info: Model `Hsb' substituted by `hsb' on input line 1356.
Package xcolor Info: Model `tHsb' substituted by `hsb' on input line 1357.
Package xcolor Info: Model `HSB' substituted by `hsb' on input line 1358.
Package xcolor Info: Model `Gray' substituted by `gray' on input line 1359.
Package xcolor Info: Model `wave' substituted by `hsb' on input line 1360.

("C:\Program Files (x86)\MiKTeX 2.9\tex\latex\graphics\dvipsnam.def"
File: dvipsnam.def 1999/02/16 v3.0i Driver-dependant file (DPC,SPQR)
))
("C:\Program Files (x86)\MiKTeX 2.9\tex\latex\psnfss\mathpazo.sty"
Package: mathpazo 2005/04/12 PSNFSS-v9.2a Palatino w/ Pazo Math (D.Puga, WaS) 
\symupright=\mathgroup4
)
(C:\Users\Dominik\AppData\Roaming\MiKTeX\2.9\tex\latex\bera\beramono.sty
Package: beramono 2004/01/31 (WaS)
)
(C:\Users\Dominik\AppData\Roaming\MiKTeX\2.9\tex\latex\eulervm\eulervm.sty
Package: eulervm 2005/01/11 v4.0 (WaS)
)
(C:\Users\Dominik\AppData\Roaming\MiKTeX\2.9\tex\latex\microtype\microtype.sty
Package: microtype 2013/05/23 v2.5a Micro-typographical refinements (RS)
\MT@toks=\toks15
\MT@count=\count100
LaTeX Info: Redefining \textls on input line 766.
\MT@outer@kern=\dimen107
LaTeX Info: Redefining \textmicrotypecontext on input line 1285.
\MT@listname@count=\count101

(C:\Users\Dominik\AppData\Roaming\MiKTeX\2.9\tex\latex\microtype\microtype-pdftex.def
File: microtype-pdftex.def 2013/05/23 v2.5a Definitions specific to pdftex (RS)
LaTeX Info: Redefining \lsstyle on input line 915.
LaTeX Info: Redefining \lslig on input line 915.
\MT@outer@space=\skip49
)
Package microtype Info: Loading configuration file microtype.cfg.

(C:\Users\Dominik\AppData\Roaming\MiKTeX\2.9\tex\latex\microtype\microtype.cfg
File: microtype.cfg 2013/05/23 v2.5a microtype main configuration file (RS)
))
Package classicthesis Info: A4 paper, Palatino or other on input line 270.
Package typearea Info: These are the values describing the layout:
(typearea)             DIV  = areaset
(typearea)             BCOR = 14.22636pt
(typearea)             \paperwidth      = 597.50793pt
(typearea)              \textwidth      = 336.0pt
(typearea)              \evensidemargin = 65.59715pt
(typearea)              \oddsidemargin  = 65.59715pt
(typearea)             \paperheight     = 845.04694pt
(typearea)              \textheight     = 675.0pt
(typearea)              \topmargin      = -40.58768pt
(typearea)              \headheight     = 15.0pt
(typearea)              \headsep        = 18.0pt
(typearea)              \topskip        = 10.0pt
(typearea)              \footskip       = 42.0pt
(typearea)              \baselineskip   = 12.0pt
(typearea)              on input line 270.

(C:\Users\Dominik\AppData\Roaming\MiKTeX\2.9\tex\latex\booktabs\booktabs.sty
Package: booktabs 2005/04/14 v1.61803 publication quality tables
\heavyrulewidth=\dimen108
\lightrulewidth=\dimen109
\cmidrulewidth=\dimen110
\belowrulesep=\dimen111
\belowbottomsep=\dimen112
\aboverulesep=\dimen113
\abovetopsep=\dimen114
\cmidrulesep=\dimen115
\cmidrulekern=\dimen116
\defaultaddspace=\dimen117
\@cmidla=\count102
\@cmidlb=\count103
\@aboverulesep=\dimen118
\@belowrulesep=\dimen119
\@thisruleclass=\count104
\@lastruleclass=\count105
\@thisrulewidth=\dimen120
)
(C:\Users\Dominik\AppData\Roaming\MiKTeX\2.9\tex\latex\textcase\textcase.sty
Package: textcase 2004/10/07 v0.07 Text only upper/lower case changing (DPC)
)
Package classicthesis Info: Using pdftex/microtype for character spacing.Make sure your pdftex is version 1.40 or higher
. on input line 342.

(C:\Users\Dominik\AppData\Roaming\MiKTeX\2.9\tex\latex\koma-script\scrpage2.sty
Package: scrpage2 2015/02/07 v3.16 KOMA-Script package (page head and foot)
LaTeX Info: Redefining \pagemark on input line 174.
)

Class scrartcl Warning: Usage of package `titlesec' together
(scrartcl)              with a KOMA-Script class is not recommended.
(scrartcl)              I'd suggest to use the package only
(scrartcl)              if you really need it, because it breaks several
(scrartcl)              KOMA-Script features, i.e., option `headings' and
(scrartcl)              the extended optional argument of the section
(scrartcl)              commands.
(scrartcl)              Nevertheless, using requested
(scrartcl)              package `titlesec' on input line 373.

(C:\Users\Dominik\AppData\Roaming\MiKTeX\2.9\tex\latex\titlesec\titlesec.sty
Package: titlesec 2011/12/15 v2.10.0 Sectioning titles
\ttl@box=\box27
\beforetitleunit=\skip50
\aftertitleunit=\skip51
\ttl@plus=\dimen121
\ttl@minus=\dimen122
\ttl@toksa=\toks16
\titlewidth=\dimen123
\titlewidthlast=\dimen124
\titlewidthfirst=\dimen125


Package titlesec Warning: Non standard sectioning command detected
(titlesec)                Using default spacing and no format.


Package titlesec Warning: Non standard sectioning command detected
(titlesec)                Using default spacing and no format.


Package titlesec Warning: Non standard sectioning command detected
(titlesec)                Using default spacing and no format.


Package titlesec Warning: Non standard sectioning command detected
(titlesec)                Using default spacing and no format.


Package titlesec Warning: Non standard sectioning command detected
(titlesec)                Using default spacing and no format.

)

Package scrartcl Warning: Activating an ugly workaround for a missing
(scrartcl)                feature of package `titlesec` on input line 373.

(C:\Users\Dominik\AppData\Roaming\MiKTeX\2.9\tex\latex\tocloft\tocloft.sty
Package: tocloft 2013/05/02 v2.3f parameterised ToC, etc., typesetting
Package tocloft Info: The document has section divisions on input line 44.
\cftparskip=\skip52
\cftbeforetoctitleskip=\skip53
\cftaftertoctitleskip=\skip54
\cftbeforepartskip=\skip55
\cftpartnumwidth=\skip56
\cftpartindent=\skip57
\cftbeforesecskip=\skip58
\cftsecindent=\skip59
\cftsecnumwidth=\skip60
\cftbeforesubsecskip=\skip61
\cftsubsecindent=\skip62
\cftsubsecnumwidth=\skip63
\cftbeforesubsubsecskip=\skip64
\cftsubsubsecindent=\skip65
\cftsubsubsecnumwidth=\skip66
\cftbeforeparaskip=\skip67
\cftparaindent=\skip68
\cftparanumwidth=\skip69
\cftbeforesubparaskip=\skip70
\cftsubparaindent=\skip71
\cftsubparanumwidth=\skip72
\cftbeforeloftitleskip=\skip73
\cftafterloftitleskip=\skip74
\cftbeforefigskip=\skip75
\cftfigindent=\skip76
\cftfignumwidth=\skip77
\c@lofdepth=\count106
\c@lotdepth=\count107
\cftbeforelottitleskip=\skip78
\cftafterlottitleskip=\skip79
\cftbeforetabskip=\skip80
\cfttabindent=\skip81
\cfttabnumwidth=\skip82
)
\newnumberwidth=\skip83
\beforebibskip=\skip84
\newchnumberwidth=\skip85
\figurelabelwidth=\skip86
\tablelabelwidth=\skip87

Using KOMA-command "deffootnote" for footnote setup
(C:\Users\Dominik\AppData\Roaming\MiKTeX\2.9\tex\latex\koma-script\scrtime.sty
Package: scrtime 2015/02/07 v3.16 KOMA-Script package (time of LaTeX run)
)
("C:\Program Files (x86)\MiKTeX 2.9\tex\latex\carlisle\remreset.sty"))
(C:\Users\Dominik\AppData\Roaming\MiKTeX\2.9\tex\latex\arsclassica\arsclassica.sty
Package: arsclassica 2012/02/21 v4.0 Customizing ClassicThesis (LP)

(C:\Users\Dominik\AppData\Roaming\MiKTeX\2.9\tex\latex\caption\caption.sty
Package: caption 2013/05/02 v3.3-89 Customizing captions (AR)

(C:\Users\Dominik\AppData\Roaming\MiKTeX\2.9\tex\latex\caption\caption3.sty
Package: caption3 2013/05/02 v1.6-88 caption3 kernel (AR)
Package caption3 Info: TeX engine: e-TeX on input line 57.
\captionmargin=\dimen126
\captionmargin@=\dimen127
\captionwidth=\dimen128
\caption@tempdima=\dimen129
\caption@indent=\dimen130
\caption@parindent=\dimen131
\caption@hangindent=\dimen132
)
Package caption Info: KOMA-Script document class.
\c@ContinuedFloat=\count108
Package caption Info: hyperref package is loaded.
)
LaTeX Info: Redefining \spacedallcaps on input line 57.
LaTeX Info: Redefining \spacedlowsmallcaps on input line 57.

(C:\Users\Dominik\AppData\Roaming\MiKTeX\2.9\tex\latex\titlesec\block.tss
File: block.tss 2011/12/15
)
Package hyperref Info: Option `colorlinks' set `true' on input line 192.
Package hyperref Info: Option `linktocpage' set `true' on input line 192.
Package hyperref Info: Option `breaklinks' set `true' on input line 192.
Package hyperref Info: Option `pageanchor' set `true' on input line 192.
Package hyperref Info: Option `plainpages' set `false' on input line 192.
Package hyperref Info: Option `bookmarksnumbered' set `true' on input line 192.
Package hyperref Info: Option `bookmarksopen' set `true' on input line 192.
Package hyperref Info: Option `hypertexnames' set `true' on input line 192.


Package hyperref Warning: Option `hyperfootnotes' has already been used,
(hyperref)                setting the option has no effect on input line 192.


Package hyperref Warning: Option `pdfpagelabels' has already been used,
(hyperref)                setting the option has no effect on input line 192.

) ("C:\Program Files (x86)\MiKTeX 2.9\tex\latex\base\fontenc.sty"
Package: fontenc 2005/09/27 v1.99g Standard LaTeX package

("C:\Program Files (x86)\MiKTeX 2.9\tex\latex\base\t1enc.def"
File: t1enc.def 2005/09/27 v1.99g Standard LaTeX file
LaTeX Font Info:    Redeclaring font encoding T1 on input line 43.
))
("C:\Program Files (x86)\MiKTeX 2.9\tex\latex\base\inputenc.sty"
Package: inputenc 2008/03/30 v1.1d Input encoding file
\inpenc@prehook=\toks17
\inpenc@posthook=\toks18

("C:\Program Files (x86)\MiKTeX 2.9\tex\latex\base\utf8.def"
File: utf8.def 2008/04/05 v1.1m UTF-8 support for inputenc
Now handling font encoding OML ...
... no UTF-8 mapping file for font encoding OML
Now handling font encoding T1 ...
... processing UTF-8 mapping file for font encoding T1
 ("C:\Program Files (x86)\MiKTeX 2.9\tex\latex\base\t1enc.dfu"
File: t1enc.dfu 2008/04/05 v1.1m UTF-8 support for inputenc
   defining Unicode char U+00A1 (decimal 161)
   defining Unicode char U+00A3 (decimal 163)
   defining Unicode char U+00AB (decimal 171)
   defining Unicode char U+00BB (decimal 187)
   defining Unicode char U+00BF (decimal 191)
   defining Unicode char U+00C0 (decimal 192)
   defining Unicode char U+00C1 (decimal 193)
   defining Unicode char U+00C2 (decimal 194)
   defining Unicode char U+00C3 (decimal 195)
   defining Unicode char U+00C4 (decimal 196)
   defining Unicode char U+00C5 (decimal 197)
   defining Unicode char U+00C6 (decimal 198)
   defining Unicode char U+00C7 (decimal 199)
   defining Unicode char U+00C8 (decimal 200)
   defining Unicode char U+00C9 (decimal 201)
   defining Unicode char U+00CA (decimal 202)
   defining Unicode char U+00CB (decimal 203)
   defining Unicode char U+00CC (decimal 204)
   defining Unicode char U+00CD (decimal 205)
   defining Unicode char U+00CE (decimal 206)
   defining Unicode char U+00CF (decimal 207)
   defining Unicode char U+00D0 (decimal 208)
   defining Unicode char U+00D1 (decimal 209)
   defining Unicode char U+00D2 (decimal 210)
   defining Unicode char U+00D3 (decimal 211)
   defining Unicode char U+00D4 (decimal 212)
   defining Unicode char U+00D5 (decimal 213)
   defining Unicode char U+00D6 (decimal 214)
   defining Unicode char U+00D8 (decimal 216)
   defining Unicode char U+00D9 (decimal 217)
   defining Unicode char U+00DA (decimal 218)
   defining Unicode char U+00DB (decimal 219)
   defining Unicode char U+00DC (decimal 220)
   defining Unicode char U+00DD (decimal 221)
   defining Unicode char U+00DE (decimal 222)
   defining Unicode char U+00DF (decimal 223)
   defining Unicode char U+00E0 (decimal 224)
   defining Unicode char U+00E1 (decimal 225)
   defining Unicode char U+00E2 (decimal 226)
   defining Unicode char U+00E3 (decimal 227)
   defining Unicode char U+00E4 (decimal 228)
   defining Unicode char U+00E5 (decimal 229)
   defining Unicode char U+00E6 (decimal 230)
   defining Unicode char U+00E7 (decimal 231)
   defining Unicode char U+00E8 (decimal 232)
   defining Unicode char U+00E9 (decimal 233)
   defining Unicode char U+00EA (decimal 234)
   defining Unicode char U+00EB (decimal 235)
   defining Unicode char U+00EC (decimal 236)
   defining Unicode char U+00ED (decimal 237)
   defining Unicode char U+00EE (decimal 238)
   defining Unicode char U+00EF (decimal 239)
   defining Unicode char U+00F0 (decimal 240)
   defining Unicode char U+00F1 (decimal 241)
   defining Unicode char U+00F2 (decimal 242)
   defining Unicode char U+00F3 (decimal 243)
   defining Unicode char U+00F4 (decimal 244)
   defining Unicode char U+00F5 (decimal 245)
   defining Unicode char U+00F6 (decimal 246)
   defining Unicode char U+00F8 (decimal 248)
   defining Unicode char U+00F9 (decimal 249)
   defining Unicode char U+00FA (decimal 250)
   defining Unicode char U+00FB (decimal 251)
   defining Unicode char U+00FC (decimal 252)
   defining Unicode char U+00FD (decimal 253)
   defining Unicode char U+00FE (decimal 254)
   defining Unicode char U+00FF (decimal 255)
   defining Unicode char U+0102 (decimal 258)
   defining Unicode char U+0103 (decimal 259)
   defining Unicode char U+0104 (decimal 260)
   defining Unicode char U+0105 (decimal 261)
   defining Unicode char U+0106 (decimal 262)
   defining Unicode char U+0107 (decimal 263)
   defining Unicode char U+010C (decimal 268)
   defining Unicode char U+010D (decimal 269)
   defining Unicode char U+010E (decimal 270)
   defining Unicode char U+010F (decimal 271)
   defining Unicode char U+0110 (decimal 272)
   defining Unicode char U+0111 (decimal 273)
   defining Unicode char U+0118 (decimal 280)
   defining Unicode char U+0119 (decimal 281)
   defining Unicode char U+011A (decimal 282)
   defining Unicode char U+011B (decimal 283)
   defining Unicode char U+011E (decimal 286)
   defining Unicode char U+011F (decimal 287)
   defining Unicode char U+0130 (decimal 304)
   defining Unicode char U+0131 (decimal 305)
   defining Unicode char U+0132 (decimal 306)
   defining Unicode char U+0133 (decimal 307)
   defining Unicode char U+0139 (decimal 313)
   defining Unicode char U+013A (decimal 314)
   defining Unicode char U+013D (decimal 317)
   defining Unicode char U+013E (decimal 318)
   defining Unicode char U+0141 (decimal 321)
   defining Unicode char U+0142 (decimal 322)
   defining Unicode char U+0143 (decimal 323)
   defining Unicode char U+0144 (decimal 324)
   defining Unicode char U+0147 (decimal 327)
   defining Unicode char U+0148 (decimal 328)
   defining Unicode char U+014A (decimal 330)
   defining Unicode char U+014B (decimal 331)
   defining Unicode char U+0150 (decimal 336)
   defining Unicode char U+0151 (decimal 337)
   defining Unicode char U+0152 (decimal 338)
   defining Unicode char U+0153 (decimal 339)
   defining Unicode char U+0154 (decimal 340)
   defining Unicode char U+0155 (decimal 341)
   defining Unicode char U+0158 (decimal 344)
   defining Unicode char U+0159 (decimal 345)
   defining Unicode char U+015A (decimal 346)
   defining Unicode char U+015B (decimal 347)
   defining Unicode char U+015E (decimal 350)
   defining Unicode char U+015F (decimal 351)
   defining Unicode char U+0160 (decimal 352)
   defining Unicode char U+0161 (decimal 353)
   defining Unicode char U+0162 (decimal 354)
   defining Unicode char U+0163 (decimal 355)
   defining Unicode char U+0164 (decimal 356)
   defining Unicode char U+0165 (decimal 357)
   defining Unicode char U+016E (decimal 366)
   defining Unicode char U+016F (decimal 367)
   defining Unicode char U+0170 (decimal 368)
   defining Unicode char U+0171 (decimal 369)
   defining Unicode char U+0178 (decimal 376)
   defining Unicode char U+0179 (decimal 377)
   defining Unicode char U+017A (decimal 378)
   defining Unicode char U+017B (decimal 379)
   defining Unicode char U+017C (decimal 380)
   defining Unicode char U+017D (decimal 381)
   defining Unicode char U+017E (decimal 382)
   defining Unicode char U+200C (decimal 8204)
   defining Unicode char U+2013 (decimal 8211)
   defining Unicode char U+2014 (decimal 8212)
   defining Unicode char U+2018 (decimal 8216)
   defining Unicode char U+2019 (decimal 8217)
   defining Unicode char U+201A (decimal 8218)
   defining Unicode char U+201C (decimal 8220)
   defining Unicode char U+201D (decimal 8221)
   defining Unicode char U+201E (decimal 8222)
   defining Unicode char U+2030 (decimal 8240)
   defining Unicode char U+2031 (decimal 8241)
   defining Unicode char U+2039 (decimal 8249)
   defining Unicode char U+203A (decimal 8250)
   defining Unicode char U+2423 (decimal 9251)
)
Now handling font encoding OT1 ...
... processing UTF-8 mapping file for font encoding OT1
 ("C:\Program Files (x86)\MiKTeX 2.9\tex\latex\base\ot1enc.dfu"
File: ot1enc.dfu 2008/04/05 v1.1m UTF-8 support for inputenc
   defining Unicode char U+00A1 (decimal 161)
   defining Unicode char U+00A3 (decimal 163)
   defining Unicode char U+00B8 (decimal 184)
   defining Unicode char U+00BF (decimal 191)
   defining Unicode char U+00C5 (decimal 197)
   defining Unicode char U+00C6 (decimal 198)
   defining Unicode char U+00D8 (decimal 216)
   defining Unicode char U+00DF (decimal 223)
   defining Unicode char U+00E6 (decimal 230)
   defining Unicode char U+00EC (decimal 236)
   defining Unicode char U+00ED (decimal 237)
   defining Unicode char U+00EE (decimal 238)
   defining Unicode char U+00EF (decimal 239)
   defining Unicode char U+00F8 (decimal 248)
   defining Unicode char U+0131 (decimal 305)
   defining Unicode char U+0141 (decimal 321)
   defining Unicode char U+0142 (decimal 322)
   defining Unicode char U+0152 (decimal 338)
   defining Unicode char U+0153 (decimal 339)
   defining Unicode char U+2013 (decimal 8211)
   defining Unicode char U+2014 (decimal 8212)
   defining Unicode char U+2018 (decimal 8216)
   defining Unicode char U+2019 (decimal 8217)
   defining Unicode char U+201C (decimal 8220)
   defining Unicode char U+201D (decimal 8221)
)
Now handling font encoding OMS ...
... processing UTF-8 mapping file for font encoding OMS

("C:\Program Files (x86)\MiKTeX 2.9\tex\latex\base\omsenc.dfu"
File: omsenc.dfu 2008/04/05 v1.1m UTF-8 support for inputenc
   defining Unicode char U+00A7 (decimal 167)
   defining Unicode char U+00B6 (decimal 182)
   defining Unicode char U+00B7 (decimal 183)
   defining Unicode char U+2020 (decimal 8224)
   defining Unicode char U+2021 (decimal 8225)
   defining Unicode char U+2022 (decimal 8226)
)
Now handling font encoding OMX ...
... no UTF-8 mapping file for font encoding OMX
Now handling font encoding U ...
... no UTF-8 mapping file for font encoding U
Now handling font encoding PD1 ...
... no UTF-8 mapping file for font encoding PD1
   defining Unicode char U+00A9 (decimal 169)
   defining Unicode char U+00AA (decimal 170)
   defining Unicode char U+00AE (decimal 174)
   defining Unicode char U+00BA (decimal 186)
   defining Unicode char U+02C6 (decimal 710)
   defining Unicode char U+02DC (decimal 732)
   defining Unicode char U+200C (decimal 8204)
   defining Unicode char U+2026 (decimal 8230)
   defining Unicode char U+2122 (decimal 8482)
   defining Unicode char U+2423 (decimal 9251)
))
("C:\Program Files (x86)\MiKTeX 2.9\tex\latex\graphics\graphicx.sty"
Package: graphicx 1999/02/16 v1.0f Enhanced LaTeX Graphics (DPC,SPQR)

("C:\Program Files (x86)\MiKTeX 2.9\tex\latex\graphics\graphics.sty"
Package: graphics 2009/02/05 v1.0o Standard LaTeX Graphics (DPC,SPQR)

("C:\Program Files (x86)\MiKTeX 2.9\tex\latex\graphics\trig.sty"
Package: trig 1999/03/16 v1.09 sin cos tan (DPC)
)
("C:\Program Files (x86)\MiKTeX 2.9\tex\latex\00miktex\graphics.cfg"
File: graphics.cfg 2007/01/18 v1.5 graphics configuration of teTeX/TeXLive
)
Package graphics Info: Driver file: pdftex.def on input line 91.
)
\Gin@req@height=\dimen133
\Gin@req@width=\dimen134
)
(C:\Users\Dominik\AppData\Roaming\MiKTeX\2.9\tex\latex\enumitem\enumitem.sty
Package: enumitem 2011/09/28 v3.5.2 Customized lists
\labelindent=\skip88
\enit@outerparindent=\dimen135
\enit@toks=\toks19
\enit@inbox=\box28
\enitdp@description=\count109
)
(C:\Users\Dominik\AppData\Roaming\MiKTeX\2.9\tex\latex\lipsum\lipsum.sty
Package: lipsum 2014/07/27 v1.3 150 paragraphs of Lorem Ipsum dummy text
\c@lips@count=\count110
)
(C:\Users\Dominik\AppData\Roaming\MiKTeX\2.9\tex\latex\subfig\subfig.sty
Package: subfig 2005/06/28 ver: 1.3 subfig package
\c@KVtest=\count111
\sf@farskip=\skip89
\sf@captopadj=\dimen136
\sf@capskip=\skip90
\sf@nearskip=\skip91
\c@subfigure=\count112
\c@subfigure@save=\count113
\c@subtable=\count114
\c@subtable@save=\count115
\sf@top=\skip92
\sf@bottom=\skip93
)
("C:\Program Files (x86)\MiKTeX 2.9\tex\latex\ams\math\amsmath.sty"
Package: amsmath 2000/07/18 v2.13 AMS math features
\@mathmargin=\skip94

For additional information on amsmath, use the `?' option.
("C:\Program Files (x86)\MiKTeX 2.9\tex\latex\ams\math\amstext.sty"
Package: amstext 2000/06/29 v2.01

("C:\Program Files (x86)\MiKTeX 2.9\tex\latex\ams\math\amsgen.sty"
File: amsgen.sty 1999/11/30 v2.0
\@emptytoks=\toks20
\ex@=\dimen137
))
("C:\Program Files (x86)\MiKTeX 2.9\tex\latex\ams\math\amsbsy.sty"
Package: amsbsy 1999/11/29 v1.2d
\pmbraise@=\dimen138
)
("C:\Program Files (x86)\MiKTeX 2.9\tex\latex\ams\math\amsopn.sty"
Package: amsopn 1999/12/14 v2.01 operator names
)
\inf@bad=\count116
LaTeX Info: Redefining \frac on input line 211.
\uproot@=\count117
\leftroot@=\count118
LaTeX Info: Redefining \overline on input line 307.
\classnum@=\count119
\DOTSCASE@=\count120
LaTeX Info: Redefining \ldots on input line 379.
LaTeX Info: Redefining \dots on input line 382.
LaTeX Info: Redefining \cdots on input line 467.
\Mathstrutbox@=\box29
\strutbox@=\box30
\big@size=\dimen139
LaTeX Font Info:    Redeclaring font encoding OML on input line 567.
LaTeX Font Info:    Redeclaring font encoding OMS on input line 568.
\macc@depth=\count121
\c@MaxMatrixCols=\count122
\dotsspace@=\muskip11
\c@parentequation=\count123
\dspbrk@lvl=\count124
\tag@help=\toks21
\row@=\count125
\column@=\count126
\maxfields@=\count127
\andhelp@=\toks22
\eqnshift@=\dimen140
\alignsep@=\dimen141
\tagshift@=\dimen142
\tagwidth@=\dimen143
\totwidth@=\dimen144
\lineht@=\dimen145
\@envbody=\toks23
\multlinegap=\skip95
\multlinetaggap=\skip96
\mathdisplay@stack=\toks24
LaTeX Info: Redefining \[ on input line 2666.
LaTeX Info: Redefining \] on input line 2667.
)
("C:\Program Files (x86)\MiKTeX 2.9\tex\latex\amsfonts\amssymb.sty"
Package: amssymb 2009/06/22 v3.00

("C:\Program Files (x86)\MiKTeX 2.9\tex\latex\amsfonts\amsfonts.sty"
Package: amsfonts 2009/06/22 v3.00 Basic AMSFonts support
\symAMSa=\mathgroup5
\symAMSb=\mathgroup6
LaTeX Font Info:    Overwriting math alphabet `\mathfrak' in version `bold'
(Font)                  U/euf/m/n --> U/euf/b/n on input line 96.
))
("C:\Program Files (x86)\MiKTeX 2.9\tex\latex\ams\classes\amsthm.sty"
Package: amsthm 2004/08/06 v2.20
\thm@style=\toks25
\thm@bodyfont=\toks26
\thm@headfont=\toks27
\thm@notefont=\toks28
\thm@headpunct=\toks29
\thm@preskip=\skip97
\thm@postskip=\skip98
\thm@headsep=\skip99
\dth@everypar=\toks30
)
("C:\Program Files (x86)\MiKTeX 2.9\tex\latex\tools\varioref.sty"
Package: varioref 2009/09/13 v1.4w package for extended references (FMi)
\c@vrcnt=\count128
)
(C:\Users\Dominik\AppData\Roaming\MiKTeX\2.9\tex\latex\listings\listings.sty
\lst@mode=\count129
\lst@gtempboxa=\box31
\lst@token=\toks31
\lst@length=\count130
\lst@currlwidth=\dimen146
\lst@column=\count131
\lst@pos=\count132
\lst@lostspace=\dimen147
\lst@width=\dimen148
\lst@newlines=\count133
\lst@lineno=\count134
\lst@maxwidth=\dimen149

(C:\Users\Dominik\AppData\Roaming\MiKTeX\2.9\tex\latex\listings\lstmisc.sty
File: lstmisc.sty 2014/09/06 1.5e (Carsten Heinz)
\c@lstnumber=\count135
\lst@skipnumbers=\count136
\lst@framebox=\box32
)
(C:\Users\Dominik\AppData\Roaming\MiKTeX\2.9\tex\latex\listings\listings.cfg
File: listings.cfg 2014/09/06 1.5e listings configuration
))
Package: listings 2014/09/06 1.5e (Carsten Heinz)
\c@definition=\count137
\c@theorem=\count138
Package hyperref Info: Option `colorlinks' set `true' on input line 75.
Package hyperref Info: Option `breaklinks' set `true' on input line 75.


Package hyperref Warning: Option `bookmarks' has already been used,
(hyperref)                setting the option has no effect on input line 75.

Package hyperref Info: Option `bookmarksnumbered' set `true' on input line 75.
(D:\Workspace\FestManager\Documentation\article_4.aux)
LaTeX Font Info:    Checking defaults for OML/cmm/m/it on input line 91.
LaTeX Font Info:    ... okay on input line 91.
LaTeX Font Info:    Checking defaults for T1/cmr/m/n on input line 91.
LaTeX Font Info:    ... okay on input line 91.
LaTeX Font Info:    Checking defaults for OT1/cmr/m/n on input line 91.
LaTeX Font Info:    ... okay on input line 91.
LaTeX Font Info:    Checking defaults for OMS/cmsy/m/n on input line 91.
LaTeX Font Info:    ... okay on input line 91.
LaTeX Font Info:    Checking defaults for OMX/cmex/m/n on input line 91.
LaTeX Font Info:    ... okay on input line 91.
LaTeX Font Info:    Checking defaults for U/cmr/m/n on input line 91.
LaTeX Font Info:    ... okay on input line 91.
LaTeX Font Info:    Checking defaults for PD1/pdf/m/n on input line 91.
LaTeX Font Info:    ... okay on input line 91.
LaTeX Font Info:    Try loading font information for T1+pplj on input line 91.
 ("C:\Program Files (x86)\MiKTeX 2.9\tex\latex\psnfss\t1pplj.fd"
File: t1pplj.fd 2004/09/06 font definitions for T1/pplj.
)
\AtBeginShipoutBox=\box33
Package hyperref Info: Link coloring ON on input line 91.

("C:\Program Files (x86)\MiKTeX 2.9\tex\latex\hyperref\nameref.sty"
Package: nameref 2010/04/30 v2.40 Cross-referencing by name of section

("C:\Program Files (x86)\MiKTeX 2.9\tex\latex\oberdiek\refcount.sty"
Package: refcount 2008/08/11 v3.1 Data extraction from references (HO)
)
("C:\Program Files (x86)\MiKTeX 2.9\tex\generic\oberdiek\gettitlestring.sty"
Package: gettitlestring 2009/12/18 v1.3 Cleanup title references (HO)
)
\c@section@level=\count139
LaTeX Info: Redefining \Ref on input line 498.
)
LaTeX Info: Redefining \ref on input line 91.
LaTeX Info: Redefining \pageref on input line 91.
LaTeX Info: Redefining \nameref on input line 91.

(D:\Workspace\FestManager\Documentation\article_4.out) (D:\Workspace\FestManager\Documentation\article_4.out)
\@outlinefile=\write3
LaTeX Info: Redefining \Ref on input line 91.

(C:\Users\Dominik\AppData\Roaming\MiKTeX\2.9\tex\context\base\supp-pdf.mkii
[Loading MPS to PDF converter (version 2006.09.02).]
\scratchcounter=\count140
\scratchdimen=\dimen150
\scratchbox=\box34
\nofMPsegments=\count141
\nofMParguments=\count142
\everyMPshowfont=\toks32
\MPscratchCnt=\count143
\MPscratchDim=\dimen151
\MPnumerator=\count144
\makeMPintoPDFobject=\count145
\everyMPtoPDFconversion=\toks33
)
LaTeX Info: Redefining \microtypecontext on input line 91.
Package microtype Info: Generating PDF output.
Package microtype Info: Character protrusion enabled (level 2).
Package microtype Info: Using default protrusion set `alltext'.
Package microtype Info: No font expansion.
Package microtype Info: No adjustment of tracking.
Package microtype Info: No adjustment of interword spacing.
Package microtype Info: No adjustment of character kerning.
 (C:\Users\Dominik\AppData\Roaming\MiKTeX\2.9\tex\latex\microtype\mt-ppl.cfg
File: mt-ppl.cfg 2005/11/16 v1.6 microtype config. file: Palatino (RS)
)
Package caption Info: Begin \AtBeginDocument code.
Package caption Info: subfig package v1.3 is loaded.
Package caption Info: listings package is loaded.
Package caption Info: End \AtBeginDocument code.
\c@lstlisting=\count146
LaTeX Font Info:    Try loading font information for T1+iwona on input line 108.

(C:\Users\Dominik\AppData\Roaming\MiKTeX\2.9\tex\latex\iwona\t1iwona.fd
File: t1iwona.fd 2008/07/22 v0.995 font definition file for T1/iwona (MW)
)
Package microtype Info: Loading generic settings for font family
(microtype)             `iwona' (encoding: T1).
(microtype)             For optimal results, create family-specific settings.
(microtype)             See the microtype manual for details.
LaTeX Font Info:    Font shape `T1/iwona/bx/n' in size <10> not available
(Font)              Font shape `T1/iwona/b/n' tried instead on input line 108.
LaTeX Font Info:    Font shape `T1/iwona/bx/n' in size <20.74> not available
(Font)              Font shape `T1/iwona/b/n' tried instead on input line 108.
LaTeX Font Info:    Try loading font information for OT1+pplj on input line 108.

("C:\Program Files (x86)\MiKTeX 2.9\tex\latex\psnfss\ot1pplj.fd"
File: ot1pplj.fd 2004/09/06 font definitions for OT1/pplj.
)
LaTeX Font Info:    Try loading font information for U+zeur on input line 108.

(C:\Users\Dominik\AppData\Roaming\MiKTeX\2.9\tex\latex\eulervm\uzeur.fd
File: uzeur.fd 2005/01/11 v4.0 (WaS)
)
(C:\Users\Dominik\AppData\Roaming\MiKTeX\2.9\tex\latex\microtype\mt-eur.cfg
File: mt-eur.cfg 2006/07/31 v1.1 microtype config. file: AMS Euler Roman (RS)
)
LaTeX Font Info:    Try loading font information for U+zeus on input line 108.

(C:\Users\Dominik\AppData\Roaming\MiKTeX\2.9\tex\latex\eulervm\uzeus.fd
File: uzeus.fd 2005/01/11 v4.0 (WaS)
)
(C:\Users\Dominik\AppData\Roaming\MiKTeX\2.9\tex\latex\microtype\mt-eus.cfg
File: mt-eus.cfg 2006/07/28 v1.2 microtype config. file: AMS Euler Script (RS)
)
LaTeX Font Info:    Try loading font information for U+zeuex on input line 108.

(C:\Users\Dominik\AppData\Roaming\MiKTeX\2.9\tex\latex\eulervm\uzeuex.fd
File: uzeuex.fd 2005/01/11 v4.0 (WaS)
)
LaTeX Font Info:    Try loading font information for OT1+zplm on input line 108.

("C:\Program Files (x86)\MiKTeX 2.9\tex\latex\psnfss\ot1zplm.fd"
File: ot1zplm.fd 2002/09/08 Fontinst v1.914 font definitions for OT1/zplm.
)
Package microtype Info: Loading generic settings for font family
(microtype)             `zplm' (encoding: OT1).
(microtype)             For optimal results, create family-specific settings.
(microtype)             See the microtype manual for details.

(C:\Users\Dominik\AppData\Roaming\MiKTeX\2.9\tex\latex\microtype\mt-msa.cfg
File: mt-msa.cfg 2006/02/04 v1.1 microtype config. file: AMS symbols (a) (RS)
)
(C:\Users\Dominik\AppData\Roaming\MiKTeX\2.9\tex\latex\microtype\mt-msb.cfg
File: mt-msb.cfg 2005/06/01 v1.0 microtype config. file: AMS symbols (b) (RS)
)
Package tocbasic Info: character protrusion at toc deactivated on input line 111.

(D:\Workspace\FestManager\Documentation\article_4.toc
Package microtype Info: Character `029' is missing
(microtype)             in font `T1/pplj/m/sc/10'.
(microtype)             Ignoring protrusion settings for this character.
LaTeX Font Info:    Font shape `T1/pplj/bx/n' in size <10> not available
(Font)              Font shape `T1/pplj/b/n' tried instead on input line 2.
)
\tf@toc=\write4


Package hyperref Warning: Ignoring empty anchor on input line 128.

Package microtype Info: Character `029' is missing
(microtype)             in font `T1/iwona/m/sc/14.4'.
(microtype)             Ignoring protrusion settings for this character.
LaTeX Font Info:    Font shape `T1/pplj/m/sl' in size <10> not available
(Font)              Font shape `T1/pplj/m/it' tried instead on input line 138.
Package microtype Info: Character `029' is missing
(microtype)             in font `T1/iwona/m/sc/10'.
(microtype)             Ignoring protrusion settings for this character.
LaTeX Font Info:    Font shape `T1/iwona/bx/sc' in size <10> not available
(Font)              Font shape `T1/iwona/b/sc' tried instead on input line 144.

Overfull \hbox (3.09608pt too wide) in paragraph at lines 145--146
[]\T1/pplj/m/n/10 Diese Ap-pli-ka-ti-on dient der Ab-rech-nung von
 []

[1


{C:/Users/Dominik/AppData/Local/MiKTeX/2.9/pdftex/config/pdftex.map}]
Overfull \hbox (27.89055pt too wide) in paragraph at lines 171--172
[]\T1/pplj/m/n/10 programmierbare Ta-sta-tur, für die ra-sche Ein-ga-be bei der Bestell-Applikation 
 []


Underfull \hbox (badness 10000) in paragraph at lines 175--178

 []

[2] <figures/mit_server.png, id=85, 341.02406pt x 290.58563pt>
File: figures/mit_server.png Graphic file (type png)
 <use figures/mit_server.png>
LaTeX Font Info:    Font shape `T1/iwona/bx/n' in size <9> not available
(Font)              Font shape `T1/iwona/b/n' tried instead on input line 184.

<figures/ohne_server.png, id=86, 335.00156pt x 296.60812pt>
File: figures/ohne_server.png Graphic file (type png)
 <use figures/ohne_server.png> [3 <D:/Workspace/FestManager/Documentation/figures/mit_server.png (PNG copy)> <D:/Workspa
ce/FestManager/Documentation/figures/ohne_server.png (PNG copy)>]
LaTeX Font Info:    Try loading font information for T1+fvm on input line 204.
 (C:\Users\Dominik\AppData\Roaming\MiKTeX\2.9\tex\latex\bera\t1fvm.fd
File: t1fvm.fd 2004/09/07 scalable font definitions for T1/fvm.
)
LaTeX Font Info:    Font shape `T1/fvm/m/n' will be
(Font)              scaled to size 8.50006pt on input line 204.
Package microtype Info: Loading generic settings for font family
(microtype)             `fvm' (encoding: T1).
(microtype)             For optimal results, create family-specific settings.
(microtype)             See the microtype manual for details.

(C:\Users\Dominik\AppData\Roaming\MiKTeX\2.9\tex\latex\listings\lstlang1.sty
File: lstlang1.sty 2014/09/06 1.5e listings language file
)
(C:\Users\Dominik\AppData\Roaming\MiKTeX\2.9\tex\latex\listings\lstmisc.sty
File: lstmisc.sty 2014/09/06 1.5e (Carsten Heinz)
)
LaTeX Font Info:    Font shape `T1/pplj/bx/n' in size <8> not available
(Font)              Font shape `T1/pplj/b/n' tried instead on input line 213.

Overfull \hbox (43.20386pt too wide) in paragraph at lines 219--220
[][][][][][][][][][][][][][][][][][] 
 []


Overfull \hbox (115.20459pt too wide) in paragraph at lines 220--221
[][][][][][][][][][][][][][][][][][][][][][][][][][][][] 
 []


Overfull \hbox (14.40356pt too wide) in paragraph at lines 227--228
[][][][][][][][][][][][][][][][][][][] 
 []


Overfull \hbox (1.85294pt too wide) in paragraph at lines 236--237
\T1/pplj/m/n/10 den. Da-zu muss die Zei-le in der config-Datei mit \T1/fvm/m/n/10 Data Source=FILEPATH.mdb
 []


Overfull \hbox (17.02736pt too wide) in paragraph at lines 239--240
\T1/pplj/m/n/10 wei-li-gen Client-Applikation. Je-de Kon-fi-gu-ra-ti-on wird da-bei durch ein \T1/fvm/m/n/10 <setting>
 []

LaTeX Font Info:    Try loading font information for OMS+pplj on input line 259.
LaTeX Font Info:    No file OMSpplj.fd. on input line 259.

LaTeX Font Warning: Font shape `OMS/pplj/m/n' undefined
(Font)              using `OMS/cmsy/m/n' instead
(Font)              for symbol `textdagger' on input line 259.


Overfull \hbox (57.88794pt too wide) in paragraph at lines 244--268
[][] 
 []

[4]
Package atveryend Info: Empty hook `BeforeClearDocument' on input line 290.
 [5]
Package atveryend Info: Empty hook `AfterLastShipout' on input line 290.
 (D:\Workspace\FestManager\Documentation\article_4.aux)
Package atveryend Info: Executing hook `AtVeryEndDocument' on input line 290.
Package rerunfilecheck Info: File `article_4.out' has not changed.
(rerunfilecheck)             Checksum: A550AA892E9CA3F819B971931D7A4F15;880.


LaTeX Font Warning: Some font shapes were not available, defaults substituted.

 ) 
Here is how much of TeX's memory you used:
 15090 strings out of 494019
 232361 string characters out of 3143877
 525117 words of memory out of 3000000
 17975 multiletter control sequences out of 15000+200000
 111034 words of font info for 137 fonts, out of 3000000 for 9000
 714 hyphenation exceptions out of 8191
 49i,13n,52p,461b,1193s stack positions out of 5000i,500n,10000p,200000b,50000s
{C:/Program Files (x86)/MiKTeX 2.9/fonts/enc/dvips/fontname/8r.enc}{C:/Users/Dominik/AppData/Roaming/MiKTeX/2.9/fonts/
enc/dvips/iwona/ec-iwona.enc}{C:/Users/Dominik/AppData/Roaming/MiKTeX/2.9/fonts/enc/dvips/iwona/ec-iwona-sc.enc}<C:/Prog
ram Files (x86)/MiKTeX 2.9/fonts/type1/public/amsfonts/cm/cmsy10.pfb><C:/Program Files (x86)/MiKTeX 2.9/fonts/type1/publ
ic/amsfonts/cm/cmsy7.pfb><C:/Program Files (x86)/MiKTeX 2.9/fonts/type1/public/amsfonts/cm/cmsy8.pfb><C:/Program Files (
x86)/MiKTeX 2.9/fonts/type1/public/amsfonts/euler/eufm7.pfb><C:/Users/Dominik/AppData/Roaming/MiKTeX/2.9/fonts/type1/pub
lic/fpl/fplrc8a.pfb><C:/Users/Dominik/AppData/Roaming/MiKTeX/2.9/fonts/type1/public/fpl/fplrij8a.pfb><C:/Users/Dominik/A
ppData/Roaming/MiKTeX/2.9/fonts/type1/bera/fvmr8a.pfb><C:/Users/Dominik/AppData/Roaming/MiKTeX/2.9/fonts/type1/nowacki/i
wona/iwonab.pfb><C:/Users/Dominik/AppData/Roaming/MiKTeX/2.9/fonts/type1/nowacki/iwona/iwonar.pfb><C:/Program Files (x86
)/MiKTeX 2.9/fonts/type1/urw/palatino/uplb8a.pfb><C:/Program Files (x86)/MiKTeX 2.9/fonts/type1/urw/palatino/uplr8a.pfb>
<C:/Program Files (x86)/MiKTeX 2.9/fonts/type1/urw/palatino/uplri8a.pfb>
Output written on article_4.pdf (5 pages, 260385 bytes).
PDF statistics:
 184 PDF objects out of 1000 (max. 8388607)
 43 named destinations out of 1000 (max. 500000)
 31347 words of extra memory for PDF output out of 35830 (max. 10000000)

